<?xml version="1.0" encoding="UTF-8"?>
<testsuite name="org.qasimovey.attack.CeaserAttackTest" tests="1" skipped="0" failures="0" errors="0" timestamp="2020-11-26T13:31:17" hostname="ASPIRE5" time="0.112">
  <properties/>
  <testcase name="testAttackMethod3()" classname="org.qasimovey.attack.CeaserAttackTest" time="0.112"/>
  <system-out><![CDATA[]]></system-out>
  <system-err><![CDATA[]]></system-err>
</testsuite>
